<?xml version="1.0" encoding="UTF-8"?>
<testsuite xmlns:xsi="http://www.w3.org/2001/XMLSchema-instance" xsi:noNamespaceSchemaLocation="https://maven.apache.org/surefire/maven-surefire-plugin/xsd/surefire-test-report.xsd" version="3.0.2" name="com.baskettecase.ordersmcp.mcp.CustomerOrderToolTest" time="0.842" tests="3" errors="0" skipped="0" failures="0">
  <properties>
[...]
</properties>
  <testcase name="queryCustomerOrders_WhenValidCustomerId_ReturnsSuccessResponse" classname="com.baskettecase.ordersmcp.mcp.CustomerOrderToolTest" time="0.804">
    <system-out><![CDATA[21:11:30.237 [main] INFO com.baskettecase.ordersmcp.mcp.CustomerOrderTool -- Querying customer orders for customer ID: 1
]]></system-out>
    <system-err><![CDATA[Mockito is currently self-attaching to enable the inline-mock-maker. This will no longer work in future releases of the JDK. Please add Mockito as an agent to your build what is described in Mockito's documentation: https://javadoc.io/doc/org.mockito/mockito-core/latest/org/mockito/Mockito.html#0.3
WARNING: A Java agent has been loaded dynamically (/Users/dbbaskette/.m2/repository/net/bytebuddy/byte-buddy-agent/1.15.11/byte-buddy-agent-1.15.11.jar)
WARNING: If a serviceability tool is in use, please run with -XX:+EnableDynamicAgentLoading to hide this warning
WARNING: If a serviceability tool is not in use, please run with -Djdk.instrument.traceUsage for more information
WARNING: Dynamic loading of agents will be disallowed by default in a future release
]]></system-err>
  </testcase>
  <testcase name="queryCustomerOrders_WhenInvalidCustomerId_ReturnsErrorResponse" classname="com.baskettecase.ordersmcp.mcp.CustomerOrderToolTest" time="0.011">
    <system-out><![CDATA[21:11:30.286 [main] INFO com.baskettecase.ordersmcp.mcp.CustomerOrderTool -- Querying customer orders for customer ID: -1
]]></system-out>
  </testcase>
  <testcase name="queryCustomerOrders_WhenCustomerNotFound_ReturnsErrorResponse" classname="com.baskettecase.ordersmcp.mcp.CustomerOrderToolTest" time="0.005">
    <system-out><![CDATA[21:11:30.293 [main] INFO com.baskettecase.ordersmcp.mcp.CustomerOrderTool -- Querying customer orders for customer ID: 999
]]></system-out>
  </testcase>
</testsuite>